2018-08-06 17:56:16.656 INFO: Start to select browser name from properties file
2018-08-06 17:56:16.658 INFO: Your had select test browser type is: Chrome
2018-08-06 17:56:16.658 INFO: The test server URL ishttps://www.jd.com
2018-08-06 17:56:19.158 INFO: 启动谷歌浏览器
2018-08-06 17:56:24.463 INFO: 打开网页：https://www.jd.com
2018-08-06 17:56:24.601 INFO: 最大化窗口
2018-08-06 17:56:24.608 INFO: 等待5秒钟
2018-08-06 17:56:34.642 INFO: element:Proxy element for: DefaultElementLocator 'By.id: ttbar-login'was clicked.
2018-08-06 17:56:34.757 INFO: element:[[ChromeDriver: chrome on XP (b06a90fe9b95610a01544479dc2e8297)] -> xpath: //*/div[@class='login-form']/div[3]/a]was clicked.
2018-08-06 17:56:34.826 INFO: Clean the value if any in [[ChromeDriver: chrome on XP (b06a90fe9b95610a01544479dc2e8297)] -> id: loginname].
2018-08-06 17:56:34.933 INFO: Type value is: 大葱鸭II.
2018-08-06 17:56:35.008 INFO: Clean the value if any in [[ChromeDriver: chrome on XP (b06a90fe9b95610a01544479dc2e8297)] -> id: nloginpwd].
2018-08-06 17:56:35.086 INFO: Type value is: hong125101.
2018-08-06 17:56:35.189 INFO: element:[[ChromeDriver: chrome on XP (b06a90fe9b95610a01544479dc2e8297)] -> id: loginsubmit]was clicked.
2018-08-06 17:56:36.294 INFO: Clean the value if any in [[ChromeDriver: chrome on XP (b06a90fe9b95610a01544479dc2e8297)] -> id: key].
2018-08-06 17:56:36.368 INFO: Type value is: Java.
2018-08-06 17:56:36.469 INFO: element:[[ChromeDriver: chrome on XP (b06a90fe9b95610a01544479dc2e8297)] -> xpath: //*[@id='search']/div/div[2]/button]was clicked.
2018-08-06 17:56:41.760 INFO: element:[[ChromeDriver: chrome on XP (b06a90fe9b95610a01544479dc2e8297)] -> xpath: //*[@id='J_goodsList']/ul/li[2]/div/div[1]/a/img]was clicked.
2018-08-06 17:56:45.779 INFO: 窗口数量：2
2018-08-06 17:56:45.832 INFO: new page title is 《Java从入门到精通（第4版 附光盘）》(明日科技)【摘要 书评 试读】- 京东图书
2018-08-06 17:56:45.961 INFO: element:[[ChromeDriver: chrome on XP (b06a90fe9b95610a01544479dc2e8297)] -> id: InitCartUrl]was clicked.
