2018-08-06 16:55:38.283 INFO: Start to select browser name from properties file
2018-08-06 16:55:38.285 INFO: Your had select test browser type is: Chrome
2018-08-06 16:55:38.285 INFO: The test server URL ishttps://www.jd.com
2018-08-06 16:55:40.865 INFO: 启动谷歌浏览器
2018-08-06 16:55:45.792 INFO: 打开网页：https://www.jd.com
2018-08-06 16:55:45.930 INFO: 最大化窗口
2018-08-06 16:55:45.940 INFO: 等待5秒钟
2018-08-06 16:55:55.795 INFO: element:Proxy element for: DefaultElementLocator 'By.id: ttbar-login'was clicked.
2018-08-06 16:55:55.907 INFO: element:[[ChromeDriver: chrome on XP (82bed0e5ed58f40e04919c9f53d69f88)] -> xpath: //*/div[@class='login-form']/div[3]/a]was clicked.
2018-08-06 16:55:55.981 INFO: Clean the value if any in [[ChromeDriver: chrome on XP (82bed0e5ed58f40e04919c9f53d69f88)] -> id: loginname].
2018-08-06 16:55:56.075 INFO: Type value is: 大葱鸭II.
2018-08-06 16:55:56.149 INFO: Clean the value if any in [[ChromeDriver: chrome on XP (82bed0e5ed58f40e04919c9f53d69f88)] -> id: nloginpwd].
2018-08-06 16:55:56.243 INFO: Type value is: hong125101.
2018-08-06 16:55:56.369 INFO: element:[[ChromeDriver: chrome on XP (82bed0e5ed58f40e04919c9f53d69f88)] -> id: loginsubmit]was clicked.
2018-08-06 16:55:58.557 INFO: Clean the value if any in [[ChromeDriver: chrome on XP (82bed0e5ed58f40e04919c9f53d69f88)] -> id: key].
2018-08-06 16:55:58.626 INFO: Type value is: Java.
2018-08-06 16:55:58.733 INFO: element:[[ChromeDriver: chrome on XP (82bed0e5ed58f40e04919c9f53d69f88)] -> xpath: //*[@id='search']/div/div[2]/button]was clicked.
2018-08-06 16:56:03.984 INFO: element:[[ChromeDriver: chrome on XP (82bed0e5ed58f40e04919c9f53d69f88)] -> xpath: //*[@id='J_goodsList']/ul/li[2]/div/div[1]/a/img]was clicked.
2018-08-06 16:56:08.002 INFO: 窗口数量：2
2018-08-06 16:56:08.112 INFO: new page title is 《Java从入门到精通（第4版 附光盘）》(明日科技)【摘要 书评 试读】- 京东图书
2018-08-06 16:56:08.351 INFO: element:[[ChromeDriver: chrome on XP (82bed0e5ed58f40e04919c9f53d69f88)] -> id: InitCartUrl]was clicked.
