2018-08-06 16:20:12.568 INFO: Start to select browser name from properties file
2018-08-06 16:20:12.570 INFO: Your had select test browser type is: Chrome
2018-08-06 16:20:12.570 INFO: The test server URL ishttps://www.jd.com
2018-08-06 16:20:15.214 INFO: 启动谷歌浏览器
2018-08-06 16:20:20.197 INFO: 打开网页：https://www.jd.com
2018-08-06 16:20:20.321 INFO: 最大化窗口
2018-08-06 16:20:20.327 INFO: 等待5秒钟
2018-08-06 16:20:29.010 INFO: element:Proxy element for: DefaultElementLocator 'By.id: ttbar-login'was clicked.
2018-08-06 16:20:29.155 INFO: element:[[ChromeDriver: chrome on XP (dd300e2082f5fbba3df639e7659cfb90)] -> xpath: //*/div[@class='login-form']/div[3]/a]was clicked.
2018-08-06 16:20:29.226 INFO: Clean the value if any in [[ChromeDriver: chrome on XP (dd300e2082f5fbba3df639e7659cfb90)] -> id: loginname].
2018-08-06 16:20:29.320 INFO: Type value is: 大葱鸭II.
2018-08-06 16:20:29.388 INFO: Clean the value if any in [[ChromeDriver: chrome on XP (dd300e2082f5fbba3df639e7659cfb90)] -> id: nloginpwd].
2018-08-06 16:20:29.488 INFO: Type value is: hong125101.
2018-08-06 16:20:29.618 INFO: element:[[ChromeDriver: chrome on XP (dd300e2082f5fbba3df639e7659cfb90)] -> id: loginsubmit]was clicked.
2018-08-06 16:20:30.921 INFO: Clean the value if any in [[ChromeDriver: chrome on XP (dd300e2082f5fbba3df639e7659cfb90)] -> id: key].
2018-08-06 16:20:30.980 INFO: Type value is: Java.
2018-08-06 16:20:31.070 INFO: element:[[ChromeDriver: chrome on XP (dd300e2082f5fbba3df639e7659cfb90)] -> xpath: //*[@id='search']/div/div[2]/button]was clicked.
2018-08-06 16:20:36.397 INFO: element:[[ChromeDriver: chrome on XP (dd300e2082f5fbba3df639e7659cfb90)] -> xpath: //*[@id='J_goodsList']/ul/li[2]/div/div[1]/a/img]was clicked.
2018-08-06 16:20:40.425 INFO: 窗口数量：2
2018-08-06 16:20:40.515 INFO: new page title is 《Java从入门到精通（第4版 附光盘）》(明日科技)【摘要 书评 试读】- 京东图书
2018-08-06 16:20:40.650 INFO: element:[[ChromeDriver: chrome on XP (dd300e2082f5fbba3df639e7659cfb90)] -> id: InitCartUrl]was clicked.
