2018-10-21 16:51:30.334 INFO: Start to select browser name from properties file
2018-10-21 16:51:30.369 INFO: Your had select test browser type is: Chrome
2018-10-21 16:51:30.369 INFO: The test server URL ishttps://www.jd.com
2018-10-21 16:51:36.009 INFO: 启动谷歌浏览器
2018-10-21 16:51:41.821 INFO: 打开网页：https://www.jd.com
2018-10-21 16:51:41.973 INFO: 最大化窗口
2018-10-21 16:51:41.979 INFO: 等待5秒钟
2018-10-21 16:51:58.406 INFO: element:Proxy element for: DefaultElementLocator 'By.id: ttbar-login'was clicked.
2018-10-21 16:51:58.566 INFO: element:[[ChromeDriver: chrome on XP (d2d3c6f04375fe6afb963cff4c810a5e)] -> xpath: //*/div[@class='login-form']/div[3]/a]was clicked.
2018-10-21 16:51:58.630 ERROR: unknown error: call function result missing 'value'
  (Session info: chrome=69.0.3497.100)
  (Driver info: chromedriver=2.33.506120 (e3e53437346286c0bc2d2dc9aa4915ba81d9023f),platform=Windows NT 10.0.10240 x86_64) (WARNING: The server did not provide any stacktrace information)
Command duration or timeout: 0 milliseconds
Build info: version: '3.12.0', revision: '7c6e0b3', time: '2018-05-08T15:15:08.936Z'
System info: host: 'SC-201512161950', ip: '192.168.75.1', os.name: 'Windows 10', os.arch: 'amd64', os.version: '10.0', java.version: '1.8.0_91'
Driver info: org.openqa.selenium.chrome.ChromeDriver
Capabilities {acceptSslCerts: true, applicationCacheEnabled: false, browserConnectionEnabled: false, browserName: chrome, chrome: {chromedriverVersion: 2.33.506120 (e3e53437346286..., userDataDir: C:\Users\ADMINI~1\AppData\L...}, cssSelectorsEnabled: true, databaseEnabled: false, handlesAlerts: true, hasTouchScreen: false, javascriptEnabled: true, locationContextEnabled: true, mobileEmulationEnabled: false, nativeEvents: true, networkConnectionEnabled: false, pageLoadStrategy: normal, platform: XP, platformName: XP, rotatable: false, setWindowRect: true, takesHeapSnapshot: true, takesScreenshot: true, unexpectedAlertBehaviour: , unhandledPromptBehavior: , version: 69.0.3497.100, webStorageEnabled: true}
Session ID: d2d3c6f04375fe6afb963cff4c810a5e.
2018-10-21 16:51:58.697 ERROR: unknown error: call function result missing 'value'
  (Session info: chrome=69.0.3497.100)
  (Driver info: chromedriver=2.33.506120 (e3e53437346286c0bc2d2dc9aa4915ba81d9023f),platform=Windows NT 10.0.10240 x86_64) (WARNING: The server did not provide any stacktrace information)
Command duration or timeout: 0 milliseconds
Build info: version: '3.12.0', revision: '7c6e0b3', time: '2018-05-08T15:15:08.936Z'
System info: host: 'SC-201512161950', ip: '192.168.75.1', os.name: 'Windows 10', os.arch: 'amd64', os.version: '10.0', java.version: '1.8.0_91'
Driver info: org.openqa.selenium.chrome.ChromeDriver
Capabilities {acceptSslCerts: true, applicationCacheEnabled: false, browserConnectionEnabled: false, browserName: chrome, chrome: {chromedriverVersion: 2.33.506120 (e3e53437346286..., userDataDir: C:\Users\ADMINI~1\AppData\L...}, cssSelectorsEnabled: true, databaseEnabled: false, handlesAlerts: true, hasTouchScreen: false, javascriptEnabled: true, locationContextEnabled: true, mobileEmulationEnabled: false, nativeEvents: true, networkConnectionEnabled: false, pageLoadStrategy: normal, platform: XP, platformName: XP, rotatable: false, setWindowRect: true, takesHeapSnapshot: true, takesScreenshot: true, unexpectedAlertBehaviour: , unhandledPromptBehavior: , version: 69.0.3497.100, webStorageEnabled: true}
Session ID: d2d3c6f04375fe6afb963cff4c810a5e.
2018-10-21 16:51:58.796 INFO: element:[[ChromeDriver: chrome on XP (d2d3c6f04375fe6afb963cff4c810a5e)] -> id: loginsubmit]was clicked.
2018-10-21 16:52:03.836 ERROR: no such element: Unable to locate element: {"method":"id","selector":"key"}
  (Session info: chrome=69.0.3497.100)
  (Driver info: chromedriver=2.33.506120 (e3e53437346286c0bc2d2dc9aa4915ba81d9023f),platform=Windows NT 10.0.10240 x86_64) (WARNING: The server did not provide any stacktrace information)
Command duration or timeout: 0 milliseconds
For documentation on this error, please visit: http://seleniumhq.org/exceptions/no_such_element.html
Build info: version: '3.12.0', revision: '7c6e0b3', time: '2018-05-08T15:15:08.936Z'
System info: host: 'SC-201512161950', ip: '192.168.75.1', os.name: 'Windows 10', os.arch: 'amd64', os.version: '10.0', java.version: '1.8.0_91'
Driver info: org.openqa.selenium.chrome.ChromeDriver
Capabilities {acceptSslCerts: true, applicationCacheEnabled: false, browserConnectionEnabled: false, browserName: chrome, chrome: {chromedriverVersion: 2.33.506120 (e3e53437346286..., userDataDir: C:\Users\ADMINI~1\AppData\L...}, cssSelectorsEnabled: true, databaseEnabled: false, handlesAlerts: true, hasTouchScreen: false, javascriptEnabled: true, locationContextEnabled: true, mobileEmulationEnabled: false, nativeEvents: true, networkConnectionEnabled: false, pageLoadStrategy: normal, platform: XP, platformName: XP, rotatable: false, setWindowRect: true, takesHeapSnapshot: true, takesScreenshot: true, unexpectedAlertBehaviour: , unhandledPromptBehavior: , version: 69.0.3497.100, webStorageEnabled: true}
Session ID: d2d3c6f04375fe6afb963cff4c810a5e
*** Element info: {Using=id, value=key}.
2018-10-21 16:52:08.893 ERROR: no such element: Unable to locate element: {"method":"xpath","selector":"//*[@id='search']/div/div[2]/button"}
  (Session info: chrome=69.0.3497.100)
  (Driver info: chromedriver=2.33.506120 (e3e53437346286c0bc2d2dc9aa4915ba81d9023f),platform=Windows NT 10.0.10240 x86_64) (WARNING: The server did not provide any stacktrace information)
Command duration or timeout: 0 milliseconds
For documentation on this error, please visit: http://seleniumhq.org/exceptions/no_such_element.html
Build info: version: '3.12.0', revision: '7c6e0b3', time: '2018-05-08T15:15:08.936Z'
System info: host: 'SC-201512161950', ip: '192.168.75.1', os.name: 'Windows 10', os.arch: 'amd64', os.version: '10.0', java.version: '1.8.0_91'
Driver info: org.openqa.selenium.chrome.ChromeDriver
Capabilities {acceptSslCerts: true, applicationCacheEnabled: false, browserConnectionEnabled: false, browserName: chrome, chrome: {chromedriverVersion: 2.33.506120 (e3e53437346286..., userDataDir: C:\Users\ADMINI~1\AppData\L...}, cssSelectorsEnabled: true, databaseEnabled: false, handlesAlerts: true, hasTouchScreen: false, javascriptEnabled: true, locationContextEnabled: true, mobileEmulationEnabled: false, nativeEvents: true, networkConnectionEnabled: false, pageLoadStrategy: normal, platform: XP, platformName: XP, rotatable: false, setWindowRect: true, takesHeapSnapshot: true, takesScreenshot: true, unexpectedAlertBehaviour: , unhandledPromptBehavior: , version: 69.0.3497.100, webStorageEnabled: true}
Session ID: d2d3c6f04375fe6afb963cff4c810a5e
*** Element info: {Using=xpath, value=//*[@id='search']/div/div[2]/button}.
