2018-08-06 16:31:07.713 INFO: Start to select browser name from properties file
2018-08-06 16:31:07.739 INFO: Your had select test browser type is: Chrome
2018-08-06 16:31:07.739 INFO: The test server URL ishttps://www.jd.com
2018-08-06 16:31:10.286 INFO: 启动谷歌浏览器
2018-08-06 16:31:15.116 INFO: 打开网页：https://www.jd.com
2018-08-06 16:31:15.257 INFO: 最大化窗口
2018-08-06 16:31:15.263 INFO: 等待5秒钟
2018-08-06 16:31:24.517 INFO: element:Proxy element for: DefaultElementLocator 'By.id: ttbar-login'was clicked.
2018-08-06 16:31:24.639 INFO: element:[[ChromeDriver: chrome on XP (3e1a9fc3be9492047c7d0e59c6af67c5)] -> xpath: //*/div[@class='login-form']/div[3]/a]was clicked.
2018-08-06 16:31:24.712 INFO: Clean the value if any in [[ChromeDriver: chrome on XP (3e1a9fc3be9492047c7d0e59c6af67c5)] -> id: loginname].
2018-08-06 16:31:24.807 INFO: Type value is: 大葱鸭II.
2018-08-06 16:31:24.884 INFO: Clean the value if any in [[ChromeDriver: chrome on XP (3e1a9fc3be9492047c7d0e59c6af67c5)] -> id: nloginpwd].
2018-08-06 16:31:24.991 INFO: Type value is: hong125101.
2018-08-06 16:31:25.117 INFO: element:[[ChromeDriver: chrome on XP (3e1a9fc3be9492047c7d0e59c6af67c5)] -> id: loginsubmit]was clicked.
2018-08-06 16:31:26.708 INFO: Clean the value if any in [[ChromeDriver: chrome on XP (3e1a9fc3be9492047c7d0e59c6af67c5)] -> id: key].
2018-08-06 16:31:26.787 INFO: Type value is: Java.
2018-08-06 16:31:26.874 INFO: element:[[ChromeDriver: chrome on XP (3e1a9fc3be9492047c7d0e59c6af67c5)] -> xpath: //*[@id='search']/div/div[2]/button]was clicked.
2018-08-06 16:31:32.134 INFO: element:[[ChromeDriver: chrome on XP (3e1a9fc3be9492047c7d0e59c6af67c5)] -> xpath: //*[@id='J_goodsList']/ul/li[2]/div/div[1]/a/img]was clicked.
2018-08-06 16:31:36.169 INFO: 窗口数量：2
2018-08-06 16:31:36.286 INFO: new page title is 《Java从入门到精通（第4版 附光盘）》(明日科技)【摘要 书评 试读】- 京东图书
2018-08-06 16:31:36.423 INFO: element:[[ChromeDriver: chrome on XP (3e1a9fc3be9492047c7d0e59c6af67c5)] -> id: InitCartUrl]was clicked.
