2018-08-06 16:10:35.077 INFO: Start to select browser name from properties file
2018-08-06 16:10:35.079 INFO: Your had select test browser type is: Chrome
2018-08-06 16:10:35.079 INFO: The test server URL ishttps://www.jd.com
2018-08-06 16:10:37.649 INFO: 启动谷歌浏览器
2018-08-06 16:10:43.446 INFO: 打开网页：https://www.jd.com
2018-08-06 16:10:43.583 INFO: 最大化窗口
2018-08-06 16:10:43.589 INFO: 等待5秒钟
2018-08-06 16:10:52.962 INFO: element:Proxy element for: DefaultElementLocator 'By.id: ttbar-login'was clicked.
2018-08-06 16:10:53.105 INFO: element:[[ChromeDriver: chrome on XP (ac9fc0f02af0517dade48e1f9935ca19)] -> xpath: //*/div[@class='login-form']/div[3]/a]was clicked.
2018-08-06 16:10:53.186 INFO: Clean the value if any in [[ChromeDriver: chrome on XP (ac9fc0f02af0517dade48e1f9935ca19)] -> id: loginname].
2018-08-06 16:10:53.289 INFO: Type value is: 大葱鸭II.
2018-08-06 16:10:53.372 INFO: Clean the value if any in [[ChromeDriver: chrome on XP (ac9fc0f02af0517dade48e1f9935ca19)] -> id: nloginpwd].
2018-08-06 16:10:53.474 INFO: Type value is: hong125101.
2018-08-06 16:10:53.590 INFO: element:[[ChromeDriver: chrome on XP (ac9fc0f02af0517dade48e1f9935ca19)] -> id: loginsubmit]was clicked.
2018-08-06 16:10:54.743 INFO: Clean the value if any in [[ChromeDriver: chrome on XP (ac9fc0f02af0517dade48e1f9935ca19)] -> id: key].
2018-08-06 16:10:54.816 INFO: Type value is: Java.
2018-08-06 16:10:54.916 INFO: element:[[ChromeDriver: chrome on XP (ac9fc0f02af0517dade48e1f9935ca19)] -> xpath: //*[@id='search']/div/div[2]/button]was clicked.
2018-08-06 16:11:00.156 INFO: element:[[ChromeDriver: chrome on XP (ac9fc0f02af0517dade48e1f9935ca19)] -> xpath: //*[@id='J_goodsList']/ul/li[1]/div/div[1]/a/img]was clicked.
2018-08-06 16:11:04.192 INFO: 窗口数量：2
2018-08-06 16:11:04.288 INFO: new page title is 《Java学习黄金组合套装 （京东套装共3册）》(明日科技)【摘要 书评 试读】- 京东图书
2018-08-06 16:11:04.431 INFO: element:[[ChromeDriver: chrome on XP (ac9fc0f02af0517dade48e1f9935ca19)] -> id: InitCartUrl]was clicked.
2018-08-06 16:11:04.443 INFO: 窗口数量：1
2018-08-06 16:11:04.497 ERROR: 无法切换到新窗口：null
