2018-08-06 16:16:57.192 INFO: Start to select browser name from properties file
2018-08-06 16:16:57.193 INFO: Your had select test browser type is: Chrome
2018-08-06 16:16:57.194 INFO: The test server URL ishttps://www.jd.com
2018-08-06 16:16:59.858 INFO: 启动谷歌浏览器
2018-08-06 16:17:06.909 INFO: 打开网页：https://www.jd.com
2018-08-06 16:17:07.039 INFO: 最大化窗口
2018-08-06 16:17:07.047 INFO: 等待5秒钟
2018-08-06 16:17:17.088 INFO: element:Proxy element for: DefaultElementLocator 'By.id: ttbar-login'was clicked.
2018-08-06 16:17:17.222 INFO: element:[[ChromeDriver: chrome on XP (a13e477e608a4075cb76ef583a1f27ae)] -> xpath: //*/div[@class='login-form']/div[3]/a]was clicked.
2018-08-06 16:17:17.296 INFO: Clean the value if any in [[ChromeDriver: chrome on XP (a13e477e608a4075cb76ef583a1f27ae)] -> id: loginname].
2018-08-06 16:17:17.388 INFO: Type value is: 大葱鸭II.
2018-08-06 16:17:17.470 INFO: Clean the value if any in [[ChromeDriver: chrome on XP (a13e477e608a4075cb76ef583a1f27ae)] -> id: nloginpwd].
2018-08-06 16:17:17.591 INFO: Type value is: hong125101.
2018-08-06 16:17:17.700 INFO: element:[[ChromeDriver: chrome on XP (a13e477e608a4075cb76ef583a1f27ae)] -> id: loginsubmit]was clicked.
2018-08-06 16:17:19.106 INFO: Clean the value if any in [[ChromeDriver: chrome on XP (a13e477e608a4075cb76ef583a1f27ae)] -> id: key].
2018-08-06 16:17:19.183 INFO: Type value is: Java.
2018-08-06 16:17:19.272 INFO: element:[[ChromeDriver: chrome on XP (a13e477e608a4075cb76ef583a1f27ae)] -> xpath: //*[@id='search']/div/div[2]/button]was clicked.
2018-08-06 16:17:24.599 INFO: element:[[ChromeDriver: chrome on XP (a13e477e608a4075cb76ef583a1f27ae)] -> xpath: //*[@id='J_goodsList']/ul/li[2]/div/div[1]/a/img]was clicked.
2018-08-06 16:17:28.631 INFO: 窗口数量：2
2018-08-06 16:17:28.723 INFO: new page title is 《Java从入门到精通（第4版 附光盘）》(明日科技)【摘要 书评 试读】- 京东图书
2018-08-06 16:17:28.873 INFO: element:[[ChromeDriver: chrome on XP (a13e477e608a4075cb76ef583a1f27ae)] -> id: InitCartUrl]was clicked.
