2018-08-06 16:01:16.007 INFO: Start to select browser name from properties file
2018-08-06 16:01:16.009 INFO: Your had select test browser type is: Chrome
2018-08-06 16:01:16.009 INFO: The test server URL ishttps://www.jd.com
2018-08-06 16:01:19.364 INFO: 启动谷歌浏览器
2018-08-06 16:01:25.546 INFO: 打开网页：https://www.jd.com
2018-08-06 16:01:25.684 INFO: 最大化窗口
2018-08-06 16:01:25.688 INFO: 等待5秒钟
2018-08-06 16:01:34.895 INFO: element:Proxy element for: DefaultElementLocator 'By.id: ttbar-login'was clicked.
2018-08-06 16:01:35.014 INFO: element:[[ChromeDriver: chrome on XP (cf8c59688c54462c536346ec27c0a678)] -> xpath: //*/div[@class='login-form']/div[3]/a]was clicked.
2018-08-06 16:01:35.081 INFO: Clean the value if any in [[ChromeDriver: chrome on XP (cf8c59688c54462c536346ec27c0a678)] -> id: loginname].
2018-08-06 16:01:35.168 INFO: Type value is: 大葱鸭II.
2018-08-06 16:01:35.244 INFO: Clean the value if any in [[ChromeDriver: chrome on XP (cf8c59688c54462c536346ec27c0a678)] -> id: nloginpwd].
2018-08-06 16:01:35.320 INFO: Type value is: hong125101.
2018-08-06 16:01:35.450 INFO: element:[[ChromeDriver: chrome on XP (cf8c59688c54462c536346ec27c0a678)] -> id: loginsubmit]was clicked.
2018-08-06 16:01:36.847 INFO: Clean the value if any in [[ChromeDriver: chrome on XP (cf8c59688c54462c536346ec27c0a678)] -> id: key].
2018-08-06 16:01:36.913 INFO: Type value is: Java.
2018-08-06 16:01:37.027 INFO: element:[[ChromeDriver: chrome on XP (cf8c59688c54462c536346ec27c0a678)] -> xpath: //*[@id='search']/div/div[2]/button]was clicked.
2018-08-06 16:01:42.295 INFO: element:[[ChromeDriver: chrome on XP (cf8c59688c54462c536346ec27c0a678)] -> xpath: //*[@id='J_goodsList']/ul/li[1]/div/div[1]/a/img]was clicked.
2018-08-06 16:01:46.329 INFO: 窗口数量：2
2018-08-06 16:01:46.419 INFO: new page title is 《Java学习黄金组合套装 （京东套装共3册）》(明日科技)【摘要 书评 试读】- 京东图书
2018-08-06 16:01:46.543 INFO: element:[[ChromeDriver: chrome on XP (cf8c59688c54462c536346ec27c0a678)] -> id: InitCartUrl]was clicked.
