2018-08-06 18:20:31.862 INFO: Start to select browser name from properties file
2018-08-06 18:20:31.864 INFO: Your had select test browser type is: Chrome
2018-08-06 18:20:31.864 INFO: The test server URL ishttps://www.jd.com
2018-08-06 18:20:34.579 INFO: 启动谷歌浏览器
2018-08-06 18:20:39.762 INFO: 打开网页：https://www.jd.com
2018-08-06 18:20:39.894 INFO: 最大化窗口
2018-08-06 18:20:39.899 INFO: 等待5秒钟
2018-08-06 18:20:49.965 INFO: element:Proxy element for: DefaultElementLocator 'By.id: ttbar-login'was clicked.
2018-08-06 18:20:50.067 INFO: element:[[ChromeDriver: chrome on XP (fce649556021f2275175e165c57d4f35)] -> xpath: //*/div[@class='login-form']/div[3]/a]was clicked.
2018-08-06 18:20:50.139 INFO: Clean the value if any in [[ChromeDriver: chrome on XP (fce649556021f2275175e165c57d4f35)] -> id: loginname].
2018-08-06 18:20:50.234 INFO: Type value is: 大葱鸭II.
2018-08-06 18:20:50.309 INFO: Clean the value if any in [[ChromeDriver: chrome on XP (fce649556021f2275175e165c57d4f35)] -> id: nloginpwd].
2018-08-06 18:20:50.418 INFO: Type value is: hong125101.
2018-08-06 18:20:50.521 INFO: element:[[ChromeDriver: chrome on XP (fce649556021f2275175e165c57d4f35)] -> id: loginsubmit]was clicked.
2018-08-06 18:20:51.836 INFO: Clean the value if any in [[ChromeDriver: chrome on XP (fce649556021f2275175e165c57d4f35)] -> id: key].
2018-08-06 18:20:51.905 INFO: Type value is: Java.
2018-08-06 18:20:51.999 INFO: element:[[ChromeDriver: chrome on XP (fce649556021f2275175e165c57d4f35)] -> xpath: //*[@id='search']/div/div[2]/button]was clicked.
2018-08-06 18:20:57.284 INFO: element:[[ChromeDriver: chrome on XP (fce649556021f2275175e165c57d4f35)] -> xpath: //*[@id='J_goodsList']/ul/li[2]/div/div[1]/a/img]was clicked.
2018-08-06 18:21:01.294 INFO: 窗口数量：2
2018-08-06 18:21:01.384 INFO: new page title is 《Java从入门到精通（第4版 附光盘）》(明日科技)【摘要 书评 试读】- 京东图书
2018-08-06 18:21:01.537 INFO: element:[[ChromeDriver: chrome on XP (fce649556021f2275175e165c57d4f35)] -> id: InitCartUrl]was clicked.
