2018-08-06 16:35:37.922 INFO: Start to select browser name from properties file
2018-08-06 16:35:37.923 INFO: Your had select test browser type is: Chrome
2018-08-06 16:35:37.924 INFO: The test server URL ishttps://www.jd.com
2018-08-06 16:35:40.530 INFO: 启动谷歌浏览器
2018-08-06 16:35:45.405 INFO: 打开网页：https://www.jd.com
2018-08-06 16:35:45.544 INFO: 最大化窗口
2018-08-06 16:35:45.552 INFO: 等待5秒钟
2018-08-06 16:35:55.238 INFO: element:Proxy element for: DefaultElementLocator 'By.id: ttbar-login'was clicked.
2018-08-06 16:35:55.381 INFO: element:[[ChromeDriver: chrome on XP (61416ae0e2537a0140c0cc3843d8a4b8)] -> xpath: //*/div[@class='login-form']/div[3]/a]was clicked.
2018-08-06 16:35:55.452 INFO: Clean the value if any in [[ChromeDriver: chrome on XP (61416ae0e2537a0140c0cc3843d8a4b8)] -> id: loginname].
2018-08-06 16:35:55.544 INFO: Type value is: 大葱鸭II.
2018-08-06 16:35:55.626 INFO: Clean the value if any in [[ChromeDriver: chrome on XP (61416ae0e2537a0140c0cc3843d8a4b8)] -> id: nloginpwd].
2018-08-06 16:35:55.742 INFO: Type value is: hong125101.
2018-08-06 16:35:55.870 INFO: element:[[ChromeDriver: chrome on XP (61416ae0e2537a0140c0cc3843d8a4b8)] -> id: loginsubmit]was clicked.
2018-08-06 16:35:57.747 INFO: Clean the value if any in [[ChromeDriver: chrome on XP (61416ae0e2537a0140c0cc3843d8a4b8)] -> id: key].
2018-08-06 16:35:57.808 INFO: Type value is: Java.
2018-08-06 16:35:57.928 INFO: element:[[ChromeDriver: chrome on XP (61416ae0e2537a0140c0cc3843d8a4b8)] -> xpath: //*[@id='search']/div/div[2]/button]was clicked.
2018-08-06 16:36:03.199 INFO: element:[[ChromeDriver: chrome on XP (61416ae0e2537a0140c0cc3843d8a4b8)] -> xpath: //*[@id='J_goodsList']/ul/li[2]/div/div[1]/a/img]was clicked.
2018-08-06 16:36:07.229 INFO: 窗口数量：2
2018-08-06 16:36:07.342 INFO: new page title is 《Java从入门到精通（第4版 附光盘）》(明日科技)【摘要 书评 试读】- 京东图书
2018-08-06 16:36:07.468 INFO: element:[[ChromeDriver: chrome on XP (61416ae0e2537a0140c0cc3843d8a4b8)] -> id: InitCartUrl]was clicked.
