2018-08-06 17:07:31.895 INFO: Start to select browser name from properties file
2018-08-06 17:07:31.896 INFO: Your had select test browser type is: Chrome
2018-08-06 17:07:31.897 INFO: The test server URL ishttps://www.jd.com
2018-08-06 17:07:34.477 INFO: 启动谷歌浏览器
2018-08-06 17:07:39.082 INFO: 打开网页：https://www.jd.com
2018-08-06 17:07:39.212 INFO: 最大化窗口
2018-08-06 17:07:39.217 INFO: 等待5秒钟
2018-08-06 17:07:49.130 INFO: element:Proxy element for: DefaultElementLocator 'By.id: ttbar-login'was clicked.
2018-08-06 17:07:49.247 INFO: element:[[ChromeDriver: chrome on XP (64148301098650b1a808cacc58c432a2)] -> xpath: //*/div[@class='login-form']/div[3]/a]was clicked.
2018-08-06 17:07:49.323 INFO: Clean the value if any in [[ChromeDriver: chrome on XP (64148301098650b1a808cacc58c432a2)] -> id: loginname].
2018-08-06 17:07:49.413 INFO: Type value is: 大葱鸭II.
2018-08-06 17:07:49.488 INFO: Clean the value if any in [[ChromeDriver: chrome on XP (64148301098650b1a808cacc58c432a2)] -> id: nloginpwd].
2018-08-06 17:07:49.593 INFO: Type value is: hong125101.
2018-08-06 17:07:49.701 INFO: element:[[ChromeDriver: chrome on XP (64148301098650b1a808cacc58c432a2)] -> id: loginsubmit]was clicked.
2018-08-06 17:07:50.945 INFO: Clean the value if any in [[ChromeDriver: chrome on XP (64148301098650b1a808cacc58c432a2)] -> id: key].
2018-08-06 17:07:50.999 INFO: Type value is: Java.
2018-08-06 17:07:51.089 INFO: element:[[ChromeDriver: chrome on XP (64148301098650b1a808cacc58c432a2)] -> xpath: //*[@id='search']/div/div[2]/button]was clicked.
2018-08-06 17:07:56.356 INFO: element:[[ChromeDriver: chrome on XP (64148301098650b1a808cacc58c432a2)] -> xpath: //*[@id='J_goodsList']/ul/li[2]/div/div[1]/a/img]was clicked.
2018-08-06 17:08:00.367 INFO: 窗口数量：2
2018-08-06 17:08:00.453 INFO: new page title is 《Java从入门到精通（第4版 附光盘）》(明日科技)【摘要 书评 试读】- 京东图书
2018-08-06 17:08:00.598 INFO: element:[[ChromeDriver: chrome on XP (64148301098650b1a808cacc58c432a2)] -> id: InitCartUrl]was clicked.
2018-08-06 17:08:03.679 ERROR: stale element reference: element is not attached to the page document
  (Session info: chrome=64.0.3282.186)
  (Driver info: chromedriver=2.33.506120 (e3e53437346286c0bc2d2dc9aa4915ba81d9023f),platform=Windows NT 10.0.10240 x86_64) (WARNING: The server did not provide any stacktrace information)
Command duration or timeout: 0 milliseconds
For documentation on this error, please visit: http://seleniumhq.org/exceptions/stale_element_reference.html
Build info: version: '3.12.0', revision: '7c6e0b3', time: '2018-05-08T15:15:08.936Z'
System info: host: 'SC-201512161950', ip: '192.168.123.41', os.name: 'Windows 10', os.arch: 'amd64', os.version: '10.0', java.version: '1.8.0_91'
Driver info: org.openqa.selenium.chrome.ChromeDriver
Capabilities {acceptSslCerts: true, applicationCacheEnabled: false, browserConnectionEnabled: false, browserName: chrome, chrome: {chromedriverVersion: 2.33.506120 (e3e53437346286..., userDataDir: C:\Users\ADMINI~1\AppData\L...}, cssSelectorsEnabled: true, databaseEnabled: false, handlesAlerts: true, hasTouchScreen: false, javascriptEnabled: true, locationContextEnabled: true, mobileEmulationEnabled: false, nativeEvents: true, networkConnectionEnabled: false, pageLoadStrategy: normal, platform: XP, platformName: XP, rotatable: false, setWindowRect: true, takesHeapSnapshot: true, takesScreenshot: true, unexpectedAlertBehaviour: , unhandledPromptBehavior: , version: 64.0.3282.186, webStorageEnabled: true}
Session ID: 64148301098650b1a808cacc58c432a2.
