INFO main testlog4j - 启动浏览器
INFO main testlog4j - 浏览器窗口最大化
INFO main testlog4j - 隐形等待2秒钟
INFO main testlog4j - 打开百度网站
INFO main testlog4j - 搜索输入框输入 有缘网
INFO main testlog4j - 启动浏览器
INFO main testlog4j - 浏览器窗口最大化
INFO main testlog4j - 隐形等待2秒钟
INFO main testlog4j - 打开百度网站
INFO main testlog4j - 搜索输入框输入 有缘网
INFO main testlog4j - 启动浏览器
INFO main testlog4j - 浏览器窗口最大化
INFO main testlog4j - 隐形等待2秒钟
INFO main testlog4j - 打开百度网站
INFO main testlog4j - 搜索输入框输入 有缘网
INFO main testlog4j - 启动浏览器
INFO main testlog4j - 浏览器窗口最大化
INFO main testlog4j - 隐形等待2秒钟
INFO main testlog4j - 打开百度网站
INFO main testlog4j - 搜索输入框输入 有缘网
INFO main baidu - 启动浏览器
INFO main baidu - 浏览器窗口最大化
INFO main baidu - 隐形等待2秒钟
INFO main baidu - 打开百度网站
INFO main baidu - 搜索输入框输入 有缘网
